{"name": "test_buy_product", "status": "broken", "statusDetails": {"message": "selenium.common.exceptions.NoSuchWindowException: Message: no such window: target window already closed\nfrom unknown error: web view not found\n  (Session info: chrome=112.0.5615.137)\nStacktrace:\nBacktrace:\n\t(No symbol) [0x00FEDCE3]\n\t(No symbol) [0x00F839D1]\n\t(No symbol) [0x00E94DA8]\n\t(No symbol) [0x00E7D0D3]\n\t(No symbol) [0x00EDEA8B]\n\t(No symbol) [0x00EED093]\n\t(No symbol) [0x00EDACC6]\n\t(No symbol) [0x00EB6F68]\n\t(No symbol) [0x00EB80CD]\n\tGetHandleVerifier [0x01263832+2506274]\n\tGetHandleVerifier [0x01299794+2727300]\n\tGetHandleVerifier [0x0129E36C+2746716]\n\tGetHandleVerifier [0x01096690+617600]\n\t(No symbol) [0x00F8C712]\n\t(No symbol) [0x00F91FF8]\n\t(No symbol) [0x00F920DB]\n\t(No symbol) [0x00F9C63B]\n\tBaseThreadInitThunk [0x75D50099+25]\n\tRtlGetAppContainerNamedObjectPath [0x77387B6E+286]\n\tRtlGetAppContainerNamedObjectPath [0x77387B3E+238]", "trace": "set_group = None\n\n    @allure.description(\"Test buy product\")\n    def test_buy_product(set_group):\n        options = Options()\n        options.add_experimental_option('excludeSwitches', ['enable-logging'])\n        driver_g = webdriver.Chrome(executable_path='C:\\\\Users\\\\User\\\\PycharmProject\\\\Resource\\\\chromedriver.exe', options=options)\n    \n        mp = Main_page(driver_g)\n        mp.authentication()\n        mp.open_catalog()\n    \n        ans = Accessories_and_services_page(driver_g)\n        ans.select_for_computers_and_laptops()\n    \n        acl = Accessories_for_computers_and_laptops_page(driver_g)\n        acl.select_usb_flash_drives_and_hard_drives()\n    \n        usbfh = USB_flash_drives_and_hard_drives_page(driver_g)\n        usbfh.select_usb_flash_drives_and_hard_drives()\n    \n        usbfd = USB_flash_drives_page(driver_g)\n>       usbfd.select_filters()\n\ntests\\test_buy_product.py:35: \n_ _ _ _ _ _ _ _ _ _ _ _ _ _ _ _ _ _ _ _ _ _ _ _ _ _ _ _ _ _ _ _ _ _ _ _ _ _ _ _ _ _ _ _ _ _ _ _ _ _ _ _ _ _ _ _ _ _ _ _ _ _ _ _ _ _ _ _ _ _ _ _ _ _ _ _ _ _ _ _ _ _ _ _ _ _ _ _ _ _ _ _ _ _ _ _ _ _ _ _ _ _ _ _ _ _ _ _ _ _ _ _ _ _ _ _\npages\\usb_flash_drives_page.py:116: in select_filters\n    self.click_selected_product()\npages\\usb_flash_drives_page.py:86: in click_selected_product\n    self.get_selected_product().click()\npages\\usb_flash_drives_page.py:57: in get_selected_product\n    return WebDriverWait(self.driver, 30).until(expected_conditions.element_to_be_clickable((By.XPATH, self.selected_product)))\n..\\..\\AppData\\Roaming\\Python\\Python39\\site-packages\\selenium\\webdriver\\support\\wait.py:86: in until\n    value = method(self._driver)\n..\\..\\AppData\\Roaming\\Python\\Python39\\site-packages\\selenium\\webdriver\\support\\expected_conditions.py:334: in _predicate\n    target = driver.find_element(*target)  # grab element at locator\n..\\..\\AppData\\Roaming\\Python\\Python39\\site-packages\\selenium\\webdriver\\remote\\webdriver.py:831: in find_element\n    return self.execute(Command.FIND_ELEMENT, {\"using\": by, \"value\": value})[\"value\"]\n..\\..\\AppData\\Roaming\\Python\\Python39\\site-packages\\selenium\\webdriver\\remote\\webdriver.py:440: in execute\n    self.error_handler.check_response(response)\n_ _ _ _ _ _ _ _ _ _ _ _ _ _ _ _ _ _ _ _ _ _ _ _ _ _ _ _ _ _ _ _ _ _ _ _ _ _ _ _ _ _ _ _ _ _ _ _ _ _ _ _ _ _ _ _ _ _ _ _ _ _ _ _ _ _ _ _ _ _ _ _ _ _ _ _ _ _ _ _ _ _ _ _ _ _ _ _ _ _ _ _ _ _ _ _ _ _ _ _ _ _ _ _ _ _ _ _ _ _ _ _ _ _ _ _\n\nself = <selenium.webdriver.remote.errorhandler.ErrorHandler object at 0x000001735226FFD0>\nresponse = {'status': 404, 'value': '{\"value\":{\"error\":\"no such window\",\"message\":\"no such window: target window already closed\\\\...\\n\\\\tRtlGetAppContainerNamedObjectPath [0x77387B6E+286]\\\\n\\\\tRtlGetAppContainerNamedObjectPath [0x77387B3E+238]\\\\n\"}}'}\n\n    def check_response(self, response: Dict[str, Any]) -> None:\n        \"\"\"Checks that a JSON response from the WebDriver does not have an\n        error.\n    \n        :Args:\n         - response - The JSON response from the WebDriver server as a dictionary\n           object.\n    \n        :Raises: If the response contains an error message.\n        \"\"\"\n        status = response.get(\"status\", None)\n        if not status or status == ErrorCode.SUCCESS:\n            return\n        value = None\n        message = response.get(\"message\", \"\")\n        screen: str = response.get(\"screen\", \"\")\n        stacktrace = None\n        if isinstance(status, int):\n            value_json = response.get(\"value\", None)\n            if value_json and isinstance(value_json, str):\n                import json\n    \n                try:\n                    value = json.loads(value_json)\n                    if len(value) == 1:\n                        value = value[\"value\"]\n                    status = value.get(\"error\", None)\n                    if not status:\n                        status = value.get(\"status\", ErrorCode.UNKNOWN_ERROR)\n                        message = value.get(\"value\") or value.get(\"message\")\n                        if not isinstance(message, str):\n                            value = message\n                            message = message.get(\"message\")\n                    else:\n                        message = value.get(\"message\", None)\n                except ValueError:\n                    pass\n    \n        exception_class: Type[WebDriverException]\n        if status in ErrorCode.NO_SUCH_ELEMENT:\n            exception_class = NoSuchElementException\n        elif status in ErrorCode.NO_SUCH_FRAME:\n            exception_class = NoSuchFrameException\n        elif status in ErrorCode.NO_SUCH_SHADOW_ROOT:\n            exception_class = NoSuchShadowRootException\n        elif status in ErrorCode.NO_SUCH_WINDOW:\n            exception_class = NoSuchWindowException\n        elif status in ErrorCode.STALE_ELEMENT_REFERENCE:\n            exception_class = StaleElementReferenceException\n        elif status in ErrorCode.ELEMENT_NOT_VISIBLE:\n            exception_class = ElementNotVisibleException\n        elif status in ErrorCode.INVALID_ELEMENT_STATE:\n            exception_class = InvalidElementStateException\n        elif (\n            status in ErrorCode.INVALID_SELECTOR\n            or status in ErrorCode.INVALID_XPATH_SELECTOR\n            or status in ErrorCode.INVALID_XPATH_SELECTOR_RETURN_TYPER\n        ):\n            exception_class = InvalidSelectorException\n        elif status in ErrorCode.ELEMENT_IS_NOT_SELECTABLE:\n            exception_class = ElementNotSelectableException\n        elif status in ErrorCode.ELEMENT_NOT_INTERACTABLE:\n            exception_class = ElementNotInteractableException\n        elif status in ErrorCode.INVALID_COOKIE_DOMAIN:\n            exception_class = InvalidCookieDomainException\n        elif status in ErrorCode.UNABLE_TO_SET_COOKIE:\n            exception_class = UnableToSetCookieException\n        elif status in ErrorCode.TIMEOUT:\n            exception_class = TimeoutException\n        elif status in ErrorCode.SCRIPT_TIMEOUT:\n            exception_class = TimeoutException\n        elif status in ErrorCode.UNKNOWN_ERROR:\n            exception_class = WebDriverException\n        elif status in ErrorCode.UNEXPECTED_ALERT_OPEN:\n            exception_class = UnexpectedAlertPresentException\n        elif status in ErrorCode.NO_ALERT_OPEN:\n            exception_class = NoAlertPresentException\n        elif status in ErrorCode.IME_NOT_AVAILABLE:\n            exception_class = ImeNotAvailableException\n        elif status in ErrorCode.IME_ENGINE_ACTIVATION_FAILED:\n            exception_class = ImeActivationFailedException\n        elif status in ErrorCode.MOVE_TARGET_OUT_OF_BOUNDS:\n            exception_class = MoveTargetOutOfBoundsException\n        elif status in ErrorCode.JAVASCRIPT_ERROR:\n            exception_class = JavascriptException\n        elif status in ErrorCode.SESSION_NOT_CREATED:\n            exception_class = SessionNotCreatedException\n        elif status in ErrorCode.INVALID_ARGUMENT:\n            exception_class = InvalidArgumentException\n        elif status in ErrorCode.NO_SUCH_COOKIE:\n            exception_class = NoSuchCookieException\n        elif status in ErrorCode.UNABLE_TO_CAPTURE_SCREEN:\n            exception_class = ScreenshotException\n        elif status in ErrorCode.ELEMENT_CLICK_INTERCEPTED:\n            exception_class = ElementClickInterceptedException\n        elif status in ErrorCode.INSECURE_CERTIFICATE:\n            exception_class = InsecureCertificateException\n        elif status in ErrorCode.INVALID_COORDINATES:\n            exception_class = InvalidCoordinatesException\n        elif status in ErrorCode.INVALID_SESSION_ID:\n            exception_class = InvalidSessionIdException\n        elif status in ErrorCode.UNKNOWN_METHOD:\n            exception_class = UnknownMethodException\n        else:\n            exception_class = WebDriverException\n        if not value:\n            value = response[\"value\"]\n        if isinstance(value, str):\n            raise exception_class(value)\n        if message == \"\" and \"message\" in value:\n            message = value[\"message\"]\n    \n        screen = None  # type: ignore[assignment]\n        if \"screen\" in value:\n            screen = value[\"screen\"]\n    \n        stacktrace = None\n        st_value = value.get(\"stackTrace\") or value.get(\"stacktrace\")\n        if st_value:\n            if isinstance(st_value, str):\n                stacktrace = st_value.split(\"\\n\")\n            else:\n                stacktrace = []\n                try:\n                    for frame in st_value:\n                        line = frame.get(\"lineNumber\", \"\")\n                        file = frame.get(\"fileName\", \"<anonymous>\")\n                        if line:\n                            file = f\"{file}:{line}\"\n                        meth = frame.get(\"methodName\", \"<anonymous>\")\n                        if \"className\" in frame:\n                            meth = f\"{frame['className']}.{meth}\"\n                        msg = \"    at %s (%s)\"\n                        msg = msg % (meth, file)\n                        stacktrace.append(msg)\n                except TypeError:\n                    pass\n        if exception_class == UnexpectedAlertPresentException:\n            alert_text = None\n            if \"data\" in value:\n                alert_text = value[\"data\"].get(\"text\")\n            elif \"alert\" in value:\n                alert_text = value[\"alert\"].get(\"text\")\n            raise exception_class(message, screen, stacktrace, alert_text)  # type: ignore[call-arg]  # mypy is not smart enough here\n>       raise exception_class(message, screen, stacktrace)\nE       selenium.common.exceptions.NoSuchWindowException: Message: no such window: target window already closed\nE       from unknown error: web view not found\nE         (Session info: chrome=112.0.5615.137)\nE       Stacktrace:\nE       Backtrace:\nE       \t(No symbol) [0x00FEDCE3]\nE       \t(No symbol) [0x00F839D1]\nE       \t(No symbol) [0x00E94DA8]\nE       \t(No symbol) [0x00E7D0D3]\nE       \t(No symbol) [0x00EDEA8B]\nE       \t(No symbol) [0x00EED093]\nE       \t(No symbol) [0x00EDACC6]\nE       \t(No symbol) [0x00EB6F68]\nE       \t(No symbol) [0x00EB80CD]\nE       \tGetHandleVerifier [0x01263832+2506274]\nE       \tGetHandleVerifier [0x01299794+2727300]\nE       \tGetHandleVerifier [0x0129E36C+2746716]\nE       \tGetHandleVerifier [0x01096690+617600]\nE       \t(No symbol) [0x00F8C712]\nE       \t(No symbol) [0x00F91FF8]\nE       \t(No symbol) [0x00F920DB]\nE       \t(No symbol) [0x00F9C63B]\nE       \tBaseThreadInitThunk [0x75D50099+25]\nE       \tRtlGetAppContainerNamedObjectPath [0x77387B6E+286]\nE       \tRtlGetAppContainerNamedObjectPath [0x77387B3E+238]\n\n..\\..\\AppData\\Roaming\\Python\\Python39\\site-packages\\selenium\\webdriver\\remote\\errorhandler.py:245: NoSuchWindowException"}, "description": "Test buy product", "steps": [{"name": "Authentication", "status": "passed", "start": 1682073114713, "stop": 1682073126304}, {"name": "Open catalog", "status": "passed", "start": 1682073126304, "stop": 1682073129294}, {"name": "Select for computers and laptops", "status": "passed", "start": 1682073129294, "stop": 1682073130804}, {"name": "Select usb flash drives and hard drives", "status": "passed", "start": 1682073130804, "stop": 1682073132498}, {"name": "Select usb flash drives and hard drives", "status": "passed", "start": 1682073132498, "stop": 1682073135203}, {"name": "Select filters", "status": "broken", "statusDetails": {"message": "selenium.common.exceptions.NoSuchWindowException: Message: no such window: target window already closed\nfrom unknown error: web view not found\n  (Session info: chrome=112.0.5615.137)\nStacktrace:\nBacktrace:\n\t(No symbol) [0x00FEDCE3]\n\t(No symbol) [0x00F839D1]\n\t(No symbol) [0x00E94DA8]\n\t(No symbol) [0x00E7D0D3]\n\t(No symbol) [0x00EDEA8B]\n\t(No symbol) [0x00EED093]\n\t(No symbol) [0x00EDACC6]\n\t(No symbol) [0x00EB6F68]\n\t(No symbol) [0x00EB80CD]\n\tGetHandleVerifier [0x01263832+2506274]\n\tGetHandleVerifier [0x01299794+2727300]\n\tGetHandleVerifier [0x0129E36C+2746716]\n\tGetHandleVerifier [0x01096690+617600]\n\t(No symbol) [0x00F8C712]\n\t(No symbol) [0x00F91FF8]\n\t(No symbol) [0x00F920DB]\n\t(No symbol) [0x00F9C63B]\n\tBaseThreadInitThunk [0x75D50099+25]\n\tRtlGetAppContainerNamedObjectPath [0x77387B6E+286]\n\tRtlGetAppContainerNamedObjectPath [0x77387B3E+238]\n\n", "trace": "  File \"C:\\Users\\User\\PycharmProject\\Selenium_DNSMarket_test_project\\pages\\usb_flash_drives_page.py\", line 116, in select_filters\n    self.click_selected_product()\n  File \"C:\\Users\\User\\PycharmProject\\Selenium_DNSMarket_test_project\\pages\\usb_flash_drives_page.py\", line 86, in click_selected_product\n    self.get_selected_product().click()\n  File \"C:\\Users\\User\\PycharmProject\\Selenium_DNSMarket_test_project\\pages\\usb_flash_drives_page.py\", line 57, in get_selected_product\n    return WebDriverWait(self.driver, 30).until(expected_conditions.element_to_be_clickable((By.XPATH, self.selected_product)))\n  File \"C:\\Users\\User\\AppData\\Roaming\\Python\\Python39\\site-packages\\selenium\\webdriver\\support\\wait.py\", line 86, in until\n    value = method(self._driver)\n  File \"C:\\Users\\User\\AppData\\Roaming\\Python\\Python39\\site-packages\\selenium\\webdriver\\support\\expected_conditions.py\", line 334, in _predicate\n    target = driver.find_element(*target)  # grab element at locator\n  File \"C:\\Users\\User\\AppData\\Roaming\\Python\\Python39\\site-packages\\selenium\\webdriver\\remote\\webdriver.py\", line 831, in find_element\n    return self.execute(Command.FIND_ELEMENT, {\"using\": by, \"value\": value})[\"value\"]\n  File \"C:\\Users\\User\\AppData\\Roaming\\Python\\Python39\\site-packages\\selenium\\webdriver\\remote\\webdriver.py\", line 440, in execute\n    self.error_handler.check_response(response)\n  File \"C:\\Users\\User\\AppData\\Roaming\\Python\\Python39\\site-packages\\selenium\\webdriver\\remote\\errorhandler.py\", line 245, in check_response\n    raise exception_class(message, screen, stacktrace)\n"}, "start": 1682073135203, "stop": 1682073166259}], "attachments": [{"name": "stdout", "source": "f017d582-98b1-40d0-a4ad-4db2b02f5ed8-attachment.txt", "type": "text/plain"}], "start": 1682073113106, "stop": 1682073166361, "uuid": "f82bc8a7-0fcb-4aa6-b808-e50d5cc6b08c", "historyId": "63e9e0b072a045a42b46a9fee7128ac4", "testCaseId": "22557127bd8e5c9d27d61f44787213b8", "fullName": "tests.test_buy_product#test_buy_product", "labels": [{"name": "parentSuite", "value": "tests"}, {"name": "suite", "value": "test_buy_product"}, {"name": "host", "value": "DESKTOP-G9H35E5"}, {"name": "thread", "value": "9340-MainThread"}, {"name": "framework", "value": "pytest"}, {"name": "language", "value": "cpython3"}, {"name": "package", "value": "tests.test_buy_product"}]}